# JRE version: OpenJDK Runtime Environment (11.0.12+7) (build 11.0.12+7-b1504.28-7817840)
# Java VM: OpenJDK 64-Bit Server VM (11.0.12+7-b1504.28-7817840, mixed mode, tiered, compressed oops, g1 gc, windows-amd64)
Heap:
 garbage-first heap   total 931840K, used 201091K [0x0000000080000000, 0x0000000100000000)
  region size 1024K, 5 young (5120K), 5 survivors (5120K)
 Metaspace       used 147118K, capacity 151426K, committed 151708K, reserved 1181696K
  class space    used 18209K, capacity 19786K, committed 19916K, reserved 1048576K
GC Heap History (20 events):
Event: 2373.177 GC heap after
{Heap after GC invocations=107 (full 0):
 garbage-first heap   total 225280K, used 169031K [0x0000000080000000, 0x0000000100000000)
  region size 1024K, 3 young (3072K), 3 survivors (3072K)
 Metaspace       used 120407K, capacity 123917K, committed 124060K, reserved 1157120K
  class space    used 15033K, capacity 16263K, committed 16332K, reserved 1048576K
}
Event: 2373.441 GC heap before
{Heap before GC invocations=108 (full 0):
 garbage-first heap   total 225280K, used 185415K [0x0000000080000000, 0x0000000100000000)
  region size 1024K, 20 young (20480K), 3 survivors (3072K)
 Metaspace       used 122244K, capacity 125721K, committed 125980K, reserved 1159168K
  class space    used 15168K, capacity 16363K, committed 16460K, reserved 1048576K
}
Event: 2373.451 GC heap after
{Heap after GC invocations=109 (full 0):
 garbage-first heap   total 312320K, used 172229K [0x0000000080000000, 0x0000000100000000)
  region size 1024K, 3 young (3072K), 3 survivors (3072K)
 Metaspace       used 122244K, capacity 125721K, committed 125980K, reserved 1159168K
  class space    used 15168K, capacity 16363K, committed 16460K, reserved 1048576K
}
Event: 2373.845 GC heap before
{Heap before GC invocations=109 (full 0):
 garbage-first heap   total 312320K, used 216261K [0x0000000080000000, 0x0000000100000000)
  region size 1024K, 47 young (48128K), 3 survivors (3072K)
 Metaspace       used 124057K, capacity 127545K, committed 127900K, reserved 1161216K
  class space    used 15312K, capacity 16523K, committed 16588K, reserved 1048576K
}
Event: 2373.882 GC heap after
{Heap after GC invocations=110 (full 0):
 garbage-first heap   total 312320K, used 174133K [0x0000000080000000, 0x0000000100000000)
  region size 1024K, 5 young (5120K), 5 survivors (5120K)
 Metaspace       used 124057K, capacity 127545K, committed 127900K, reserved 1161216K
  class space    used 15312K, capacity 16523K, committed 16588K, reserved 1048576K
}
Event: 2374.552 GC heap before
{Heap before GC invocations=111 (full 0):
 garbage-first heap   total 312320K, used 202805K [0x0000000080000000, 0x0000000100000000)
  region size 1024K, 53 young (54272K), 5 survivors (5120K)
 Metaspace       used 125277K, capacity 128827K, committed 129052K, reserved 1161216K
  class space    used 15424K, capacity 16628K, committed 16716K, reserved 1048576K
}
Event: 2374.560 GC heap after
{Heap after GC invocations=112 (full 0):
 garbage-first heap   total 312320K, used 152823K [0x0000000080000000, 0x0000000100000000)
  region size 1024K, 2 young (2048K), 2 survivors (2048K)
 Metaspace       used 125277K, capacity 128827K, committed 129052K, reserved 1161216K
  class space    used 15424K, capacity 16628K, committed 16716K, reserved 1048576K
}
Event: 2374.936 GC heap before
{Heap before GC invocations=112 (full 0):
 garbage-first heap   total 312320K, used 165111K [0x0000000080000000, 0x0000000100000000)
  region size 1024K, 15 young (15360K), 2 survivors (2048K)
 Metaspace       used 126234K, capacity 129779K, committed 129948K, reserved 1163264K
  class space    used 15536K, capacity 16747K, committed 16844K, reserved 1048576K
}
Event: 2374.948 GC heap after
{Heap after GC invocations=113 (full 0):
 garbage-first heap   total 312320K, used 138751K [0x0000000080000000, 0x0000000100000000)
  region size 1024K, 1 young (1024K), 1 survivors (1024K)
 Metaspace       used 126234K, capacity 129779K, committed 129948K, reserved 1163264K
  class space    used 15536K, capacity 16747K, committed 16844K, reserved 1048576K
}
Event: 2376.058 GC heap before
{Heap before GC invocations=113 (full 0):
 garbage-first heap   total 312320K, used 208383K [0x0000000080000000, 0x0000000100000000)
  region size 1024K, 70 young (71680K), 1 survivors (1024K)
 Metaspace       used 130180K, capacity 133730K, committed 133916K, reserved 1165312K
  class space    used 16012K, capacity 17202K, committed 17228K, reserved 1048576K
}
Event: 2376.091 GC heap after
{Heap after GC invocations=114 (full 0):
 garbage-first heap   total 471040K, used 141704K [0x0000000080000000, 0x0000000100000000)
  region size 1024K, 4 young (4096K), 4 survivors (4096K)
 Metaspace       used 130180K, capacity 133730K, committed 133916K, reserved 1165312K
  class space    used 16012K, capacity 17202K, committed 17228K, reserved 1048576K
}
Event: 2381.567 GC heap before
{Heap before GC invocations=115 (full 0):
 garbage-first heap   total 471040K, used 256392K [0x0000000080000000, 0x0000000100000000)
  region size 1024K, 118 young (120832K), 4 survivors (4096K)
 Metaspace       used 137505K, capacity 141238K, committed 141468K, reserved 1173504K
  class space    used 17005K, capacity 18330K, committed 18380K, reserved 1048576K
}
Event: 2381.658 GC heap after
{Heap after GC invocations=116 (full 0):
 garbage-first heap   total 471040K, used 147290K [0x0000000080000000, 0x0000000100000000)
  region size 1024K, 9 young (9216K), 9 survivors (9216K)
 Metaspace       used 137505K, capacity 141238K, committed 141468K, reserved 1173504K
  class space    used 17005K, capacity 18330K, committed 18380K, reserved 1048576K
}
Event: 2387.166 GC heap before
{Heap before GC invocations=117 (full 0):
 garbage-first heap   total 471040K, used 251738K [0x0000000080000000, 0x0000000100000000)
  region size 1024K, 111 young (113664K), 9 survivors (9216K)
 Metaspace       used 144935K, capacity 149074K, committed 149276K, reserved 1179648K
  class space    used 17962K, capacity 19435K, committed 19532K, reserved 1048576K
}
Event: 2387.214 GC heap after
{Heap after GC invocations=118 (full 0):
 garbage-first heap   total 471040K, used 146516K [0x0000000080000000, 0x0000000100000000)
  region size 1024K, 9 young (9216K), 9 survivors (9216K)
 Metaspace       used 144935K, capacity 149074K, committed 149276K, reserved 1179648K
  class space    used 17962K, capacity 19435K, committed 19532K, reserved 1048576K
}
Event: 2389.224 GC heap before
{Heap before GC invocations=119 (full 0):
 garbage-first heap   total 471040K, used 314452K [0x0000000080000000, 0x0000000100000000)
  region size 1024K, 158 young (161792K), 9 survivors (9216K)
 Metaspace       used 146799K, capacity 151101K, committed 151324K, reserved 1181696K
  class space    used 18196K, capacity 19750K, committed 19788K, reserved 1048576K
}
Event: 2390.196 GC heap after
{Heap after GC invocations=120 (full 0):
 garbage-first heap   total 471040K, used 191929K [0x0000000080000000, 0x0000000100000000)
  region size 1024K, 20 young (20480K), 20 survivors (20480K)
 Metaspace       used 146799K, capacity 151101K, committed 151324K, reserved 1181696K
  class space    used 18196K, capacity 19750K, committed 19788K, reserved 1048576K
}
Event: 2390.381 GC heap before
{Heap before GC invocations=120 (full 0):
 garbage-first heap   total 471040K, used 203193K [0x0000000080000000, 0x0000000100000000)
  region size 1024K, 33 young (33792K), 20 survivors (20480K)
 Metaspace       used 146848K, capacity 151167K, committed 151324K, reserved 1181696K
  class space    used 18199K, capacity 19750K, committed 19788K, reserved 1048576K
}
Event: 2390.631 GC heap after
{Heap after GC invocations=121 (full 0):
 garbage-first heap   total 471040K, used 196934K [0x0000000080000000, 0x0000000100000000)
  region size 1024K, 4 young (4096K), 4 survivors (4096K)
 Metaspace       used 146848K, capacity 151167K, committed 151324K, reserved 1181696K
  class space    used 18199K, capacity 19750K, committed 19788K, reserved 1048576K
}
Event: 2391.546 GC heap before
{Heap before GC invocations=122 (full 0):
 garbage-first heap   total 471040K, used 243014K [0x0000000080000000, 0x0000000100000000)
  region size 1024K, 48 young (49152K), 4 survivors (4096K)
 Metaspace       used 147118K, capacity 151426K, committed 151708K, reserved 1181696K
  class space    used 18209K, capacity 19786K, committed 19916K, reserved 1048576K
}

